<?xml version="1.0" encoding="utf-8"?><testsuites name="pytest tests"><testsuite name="pytest" errors="0" failures="0" skipped="0" tests="17" time="3.945" timestamp="2026-03-30T11:14:17.873665+00:00" hostname="agent-env-b7e1bdb9-031a-4ce9-91c0-8bf947931150"><testcase classname="backend.tests.test_cost_centers_approval.TestGetCostCenters" name="test_get_active_only_default" time="0.553" /><testcase classname="backend.tests.test_cost_centers_approval.TestGetCostCenters" name="test_get_all_with_include_inactive" time="0.104" /><testcase classname="backend.tests.test_cost_centers_approval.TestGetCostCenters" name="test_get_all_returns_more_or_equal_than_active" time="0.204" /><testcase classname="backend.tests.test_cost_centers_approval.TestGetCostCenters" name="test_get_cost_centers_response_schema" time="0.113" /><testcase classname="backend.tests.test_cost_centers_approval.TestCreateCostCenter" name="test_create_cost_center_success" time="0.208" /><testcase classname="backend.tests.test_cost_centers_approval.TestCreateCostCenter" name="test_create_cost_center_inactive" time="0.442" /><testcase classname="backend.tests.test_cost_centers_approval.TestUpdateCostCenter" name="test_update_cost_center_name" time="0.203" /><testcase classname="backend.tests.test_cost_centers_approval.TestUpdateCostCenter" name="test_update_cost_center_active_status" time="0.204" /><testcase classname="backend.tests.test_cost_centers_approval.TestUpdateCostCenter" name="test_update_cost_center_full_payload" time="0.101" /><testcase classname="backend.tests.test_cost_centers_approval.TestUpdateCostCenter" name="test_update_nonexistent_center" time="0.106" /><testcase classname="backend.tests.test_cost_centers_approval.TestDeleteCostCenter" name="test_delete_cost_center" time="0.304" /><testcase classname="backend.tests.test_cost_centers_approval.TestDeleteCostCenter" name="test_delete_nonexistent_center" time="0.095" /><testcase classname="backend.tests.test_cost_centers_approval.TestInvoiceApprovalRequiresKontierung" name="test_approve_without_account_number_returns_422" time="0.231" /><testcase classname="backend.tests.test_cost_centers_approval.TestInvoiceApprovalRequiresKontierung" name="test_approve_nonexistent_invoice_returns_404" time="0.108" /><testcase classname="backend.tests.test_cost_centers_approval.TestInvoiceApprovalRequiresKontierung" name="test_approve_with_account_number_succeeds" time="0.484" /><testcase classname="backend.tests.test_cost_centers_approval.TestCostCentersAuthProtection" name="test_get_cost_centers_no_auth_required" time="0.096" /><testcase classname="backend.tests.test_cost_centers_approval.TestCostCentersAuthProtection" name="test_post_cost_center_no_auth_fails" time="0.288" /></testsuite></testsuites>