<?xml version="1.0" encoding="utf-8"?><testsuites name="pytest tests"><testsuite name="pytest" errors="0" failures="0" skipped="0" tests="17" time="3.885" timestamp="2026-03-29T20:32:20.580551+00:00" hostname="agent-env-b7e1bdb9-031a-4ce9-91c0-8bf947931150"><testcase classname="backend.tests.test_skr51.TestAuth" name="test_admin_login_success" time="0.568" /><testcase classname="backend.tests.test_skr51.TestAuth" name="test_invalid_login_fails" time="0.369" /><testcase classname="backend.tests.test_skr51.TestSKR51Accounts" name="test_get_skr51_accounts_returns_200" time="0.163" /><testcase classname="backend.tests.test_skr51.TestSKR51Accounts" name="test_skr51_accounts_count_is_203" time="0.111" /><testcase classname="backend.tests.test_skr51.TestSKR51Accounts" name="test_skr51_accounts_have_required_fields" time="0.186" /><testcase classname="backend.tests.test_skr51.TestSKR51Accounts" name="test_skr51_category_ertrage_ideeller_bereich" time="0.120" /><testcase classname="backend.tests.test_skr51.TestSKR51Accounts" name="test_skr51_category_aufwand_satzungszweck" time="0.191" /><testcase classname="backend.tests.test_skr51.TestSKR51Accounts" name="test_skr51_has_mitgliedsbeitraege" time="0.116" /><testcase classname="backend.tests.test_skr51.TestSKR51Accounts" name="test_skr51_has_spenden" time="0.110" /><testcase classname="backend.tests.test_skr51.TestSKR51Accounts" name="test_skr51_no_mongodb_id_in_response" time="0.114" /><testcase classname="backend.tests.test_skr51.TestSKR51Accounts" name="test_skr03_and_skr04_still_work" time="0.291" /><testcase classname="backend.tests.test_skr51.TestSettingsWithSKR51" name="test_get_current_settings" time="0.447" /><testcase classname="backend.tests.test_skr51.TestSettingsWithSKR51" name="test_update_settings_with_skr51" time="0.219" /><testcase classname="backend.tests.test_skr51.TestSettingsWithSKR51" name="test_settings_persist_skr51_after_get" time="0.149" /><testcase classname="backend.tests.test_skr51.TestSettingsWithSKR51" name="test_settings_without_auth_returns_200" time="0.107" /><testcase classname="backend.tests.test_skr51.TestSettingsWithSKR51" name="test_put_settings_without_auth_returns_401" time="0.126" /><testcase classname="backend.tests.test_skr51.TestSettingsWithSKR51" name="test_restore_settings_to_skr03" time="0.239" /></testsuite></testsuites>